<?xml version="1.0" encoding="UTF-8"?>
<!-- Generated by org.testng.reporters.JUnitReportReporter -->
<testsuite hostname="DESKTOP-S4R1TNB" failures="0" tests="1" name="practo.DrpDown" time="57.629" errors="0" timestamp="2022-06-18T18:37:42 IST" skipped="0">
  <testcase classname="practo.DrpDown" name="dropDownHandling" time="57.629"/>
  <system-out/>
</testsuite> <!-- practo.DrpDown -->
