<?xml version="1.0" encoding="UTF-8"?>
<!-- Generated by org.testng.reporters.JUnitReportReporter -->
<testsuite hostname="DESKTOP-S4R1TNB" failures="0" tests="1" name="practo.IframeHandling" time="23.678" errors="0" timestamp="2022-06-18T12:16:34 IST" skipped="0">
  <testcase classname="practo.IframeHandling" name="frame" time="23.678"/>
  <system-out/>
</testsuite> <!-- practo.IframeHandling -->
